This is pdfTeX, Version 3.1415926-2.5-1.40.14 (TeX Live 2013/Debian) (format=pdflatex 2014.9.8)  5 NOV 2015 21:21
entering extended mode
 restricted \write18 enabled.
 file:line:error style messages enabled.
 %&-line parsing enabled.
**chapter_12-did_good_have_any_choice.tex
(./chapter_12-did_good_have_any_choice.tex
LaTeX2e <2011/06/27>
Babel <3.9h> and hyphenation patterns for 2 languages loaded.
(/usr/share/texlive/texmf-dist/tex/latex/base/article.cls
Document Class: article 2007/10/19 v1.4h Standard LaTeX document class
(/usr/share/texlive/texmf-dist/tex/latex/base/size12.clo
File: size12.clo 2007/10/19 v1.4h Standard LaTeX file (size option)
)
\c@part=\count79
\c@section=\count80
\c@subsection=\count81
\c@subsubsection=\count82
\c@paragraph=\count83
\c@subparagraph=\count84
\c@figure=\count85
\c@table=\count86
\abovecaptionskip=\skip41
\belowcaptionskip=\skip42
\bibindent=\dimen102
)
(/usr/share/texlive/texmf-dist/tex/latex/graphics/graphicx.sty
Package: graphicx 1999/02/16 v1.0f Enhanced LaTeX Graphics (DPC,SPQR)

(/usr/share/texlive/texmf-dist/tex/latex/graphics/keyval.sty
Package: keyval 1999/03/16 v1.13 key=value parser (DPC)
\KV@toks@=\toks14
)
(/usr/share/texlive/texmf-dist/tex/latex/graphics/graphics.sty
Package: graphics 2009/02/05 v1.0o Standard LaTeX Graphics (DPC,SPQR)

(/usr/share/texlive/texmf-dist/tex/latex/graphics/trig.sty
Package: trig 1999/03/16 v1.09 sin cos tan (DPC)
)
(/usr/share/texlive/texmf-dist/tex/latex/latexconfig/graphics.cfg
File: graphics.cfg 2010/04/23 v1.9 graphics configuration of TeX Live
)
Package graphics Info: Driver file: pdftex.def on input line 91.

(/usr/share/texlive/texmf-dist/tex/latex/pdftex-def/pdftex.def
File: pdftex.def 2011/05/27 v0.06d Graphics/color for pdfTeX

(/usr/share/texlive/texmf-dist/tex/generic/oberdiek/infwarerr.sty
Package: infwarerr 2010/04/08 v1.3 Providing info/warning/error messages (HO)
)
(/usr/share/texlive/texmf-dist/tex/generic/oberdiek/ltxcmds.sty
Package: ltxcmds 2011/11/09 v1.22 LaTeX kernel commands for general use (HO)
)
\Gread@gobject=\count87
))
\Gin@req@height=\dimen103
\Gin@req@width=\dimen104
)
(./chapter_12-did_good_have_any_choice.aux)
\openout1 = `chapter_12-did_good_have_any_choice.aux'.

LaTeX Font Info:    Checking defaults for OML/cmm/m/it on input line 28.
LaTeX Font Info:    ... okay on input line 28.
LaTeX Font Info:    Checking defaults for T1/cmr/m/n on input line 28.
LaTeX Font Info:    ... okay on input line 28.
LaTeX Font Info:    Checking defaults for OT1/cmr/m/n on input line 28.
LaTeX Font Info:    ... okay on input line 28.
LaTeX Font Info:    Checking defaults for OMS/cmsy/m/n on input line 28.
LaTeX Font Info:    ... okay on input line 28.
LaTeX Font Info:    Checking defaults for OMX/cmex/m/n on input line 28.
LaTeX Font Info:    ... okay on input line 28.
LaTeX Font Info:    Checking defaults for U/cmr/m/n on input line 28.
LaTeX Font Info:    ... okay on input line 28.

(/usr/share/texlive/texmf-dist/tex/context/base/supp-pdf.mkii
[Loading MPS to PDF converter (version 2006.09.02).]
\scratchcounter=\count88
\scratchdimen=\dimen105
\scratchbox=\box26
\nofMPsegments=\count89
\nofMParguments=\count90
\everyMPshowfont=\toks15
\MPscratchCnt=\count91
\MPscratchDim=\dimen106
\MPnumerator=\count92
\makeMPintoPDFobject=\count93
\everyMPtoPDFconversion=\toks16
) (/usr/share/texlive/texmf-dist/tex/generic/oberdiek/pdftexcmds.sty
Package: pdftexcmds 2011/11/29 v0.20 Utility functions of pdfTeX for LuaTeX (HO
)

(/usr/share/texlive/texmf-dist/tex/generic/oberdiek/ifluatex.sty
Package: ifluatex 2010/03/01 v1.3 Provides the ifluatex switch (HO)
Package ifluatex Info: LuaTeX not detected.
)
(/usr/share/texlive/texmf-dist/tex/generic/oberdiek/ifpdf.sty
Package: ifpdf 2011/01/30 v2.3 Provides the ifpdf switch (HO)
Package ifpdf Info: pdfTeX in PDF mode is detected.
)
Package pdftexcmds Info: LuaTeX not detected.
Package pdftexcmds Info: \pdf@primitive is available.
Package pdftexcmds Info: \pdf@ifprimitive is available.
Package pdftexcmds Info: \pdfdraftmode found.
)
(/usr/share/texlive/texmf-dist/tex/latex/oberdiek/epstopdf-base.sty
Package: epstopdf-base 2010/02/09 v2.5 Base part for package epstopdf

(/usr/share/texlive/texmf-dist/tex/latex/oberdiek/grfext.sty
Package: grfext 2010/08/19 v1.1 Manage graphics extensions (HO)

(/usr/share/texlive/texmf-dist/tex/generic/oberdiek/kvdefinekeys.sty
Package: kvdefinekeys 2011/04/07 v1.3 Define keys (HO)
))
(/usr/share/texlive/texmf-dist/tex/latex/oberdiek/kvoptions.sty
Package: kvoptions 2011/06/30 v3.11 Key value format for package options (HO)

(/usr/share/texlive/texmf-dist/tex/generic/oberdiek/kvsetkeys.sty
Package: kvsetkeys 2012/04/25 v1.16 Key value parser (HO)

(/usr/share/texlive/texmf-dist/tex/generic/oberdiek/etexcmds.sty
Package: etexcmds 2011/02/16 v1.5 Avoid name clashes with e-TeX commands (HO)
Package etexcmds Info: Could not find \expanded.
(etexcmds)             That can mean that you are not using pdfTeX 1.50 or
(etexcmds)             that some package has redefined \expanded.
(etexcmds)             In the latter case, load this package earlier.
)))
Package grfext Info: Graphics extension search list:
(grfext)             [.png,.pdf,.jpg,.mps,.jpeg,.jbig2,.jb2,.PNG,.PDF,.JPG,.JPE
G,.JBIG2,.JB2,.eps]
(grfext)             \AppendGraphicsExtensions on input line 452.

(/usr/share/texlive/texmf-dist/tex/latex/latexconfig/epstopdf-sys.cfg
File: epstopdf-sys.cfg 2010/07/13 v1.3 Configuration of (r)epstopdf for TeX Liv
e
))
LaTeX Font Info:    External font `cmex10' loaded for size
(Font)              <14.4> on input line 30.
LaTeX Font Info:    External font `cmex10' loaded for size
(Font)              <7> on input line 30.

<rocket_accelerates_person.pdf, id=1, 186.296pt x 281.05pt>
File: rocket_accelerates_person.pdf Graphic file (type pdf)

<use rocket_accelerates_person.pdf>
Package pdftex.def Info: rocket_accelerates_person.pdf used on input line 53.
(pdftex.def)             Requested size: 93.14777pt x 140.52464pt.
 [1

{/var/lib/texmf/fonts/map/pdftex/updmap/pdftex.map} <./rocket_accelerates_perso
n.pdf>]
<rocket_accelerates_light.pdf, id=15, 200.75pt x 297.11pt>
File: rocket_accelerates_light.pdf Graphic file (type pdf)

<use rocket_accelerates_light.pdf>
Package pdftex.def Info: rocket_accelerates_light.pdf used on input line 67.
(pdftex.def)             Requested size: 100.37474pt x 148.55463pt.

<planet_curves_light.pdf, id=16, 207.174pt x 201.55301pt>
File: planet_curves_light.pdf Graphic file (type pdf)

<use planet_curves_light.pdf>
Package pdftex.def Info: planet_curves_light.pdf used on input line 77.
(pdftex.def)             Requested size: 103.58673pt x 100.77625pt.
 [2 <./rocket_accelerates_light.pdf> <./planet_curves_light.pdf

pdfTeX warning: pdflatex (file ./planet_curves_light.pdf): PDF inclusion: multi
ple pdfs with page group included in a single page
>] <space_time_curvature.pdf, id=27, 517.935pt x 220.022pt>
File: space_time_curvature.pdf Graphic file (type pdf)

<use space_time_curvature.pdf>
Package pdftex.def Info: space_time_curvature.pdf used on input line 97.
(pdftex.def)             Requested size: 258.96686pt x 110.01073pt.

<planet_curves_space_fabric.pdf, id=28, 496.254pt x 176.66pt>
File: planet_curves_space_fabric.pdf Graphic file (type pdf)

<use planet_curves_space_fabric.pdf>
Package pdftex.def Info: planet_curves_space_fabric.pdf used on input line 121.

(pdftex.def)             Requested size: 248.12639pt x 88.32977pt.
 [3 <./space_time_curvature.pdf> <./planet_curves_space_fabric.pdf

pdfTeX warning: pdflatex (file ./planet_curves_space_fabric.pdf): PDF inclusion
: multiple pdfs with page group included in a single page
>] <rocket_accelerates_clock.pdf, id=39, 352.51701pt x 286.671pt>
File: rocket_accelerates_clock.pdf Graphic file (type pdf)

<use rocket_accelerates_clock.pdf>
Package pdftex.def Info: rocket_accelerates_clock.pdf used on input line 135.
(pdftex.def)             Requested size: 176.25807pt x 143.33514pt.

Overfull \hbox (4.66534pt too wide) in paragraph at lines 145--148
[]\OT1/cmr/m/n/12 So, gen-eral rel-a-tiv-ity tells us that clocks closer to a m
as-sive ob-ject (stronger
 []

<planet_slows_clocks.pdf, id=40, 317.98799pt x 321.2pt>
File: planet_slows_clocks.pdf Graphic file (type pdf)

<use planet_slows_clocks.pdf>
Package pdftex.def Info: planet_slows_clocks.pdf used on input line 152.
(pdftex.def)             Requested size: 95.39713pt x 96.36073pt.
 [4 <./rocket_accelerates_clock.pdf> <./planet_slows_clocks.pdf

pdfTeX warning: pdflatex (file ./planet_slows_clocks.pdf): PDF inclusion: multi
ple pdfs with page group included in a single page
>] <planet_curves_space_time.pdf, id=51, 456.90701pt x 275.429pt>
File: planet_curves_space_time.pdf Graphic file (type pdf)

<use planet_curves_space_time.pdf>
Package pdftex.def Info: planet_curves_space_time.pdf used on input line 167.
(pdftex.def)             Requested size: 228.45294pt x 137.71416pt.
 [5 <./planet_curves_space_time.pdf>]
(./chapter_12-did_good_have_any_choice.aux) ) 
Here is how much of TeX's memory you used:
 1513 strings out of 495028
 22513 string characters out of 6181498
 74251 words of memory out of 5000000
 4732 multiletter control sequences out of 15000+600000
 6410 words of font info for 23 fonts, out of 8000000 for 9000
 14 hyphenation exceptions out of 8191
 37i,7n,23p,261b,225s stack positions out of 5000i,500n,10000p,200000b,80000s
</usr/share/texlive/texmf-dist/fon
ts/type1/public/amsfonts/cm/cmbx12.pfb></usr/share/texlive/texmf-dist/fonts/typ
e1/public/amsfonts/cm/cmr12.pfb></usr/share/texlive/texmf-dist/fonts/type1/publ
ic/amsfonts/cm/cmr17.pfb></usr/share/texlive/texmf-dist/fonts/type1/public/amsf
onts/cm/cmti12.pfb>
Output written on chapter_12-did_good_have_any_choice.pdf (5 pages, 272055 byte
s).
PDF statistics:
 73 PDF objects out of 1000 (max. 8388607)
 45 compressed objects within 1 object stream
 0 named destinations out of 1000 (max. 500000)
 41 words of extra memory for PDF output out of 10000 (max. 10000000)

